[debug] [2023-10-15T11:30:22.799Z] ----------------------------------------------------------------------
[debug] [2023-10-15T11:30:22.801Z] Command:       C:\Program Files\nodejs\node.exe C:\Users\Admin\AppData\Roaming\npm\node_modules\firebase-tools\lib\bin\firebase.js emulators:start
[debug] [2023-10-15T11:30:22.802Z] CLI Version:   12.7.0
[debug] [2023-10-15T11:30:22.802Z] Platform:      win32
[debug] [2023-10-15T11:30:22.802Z] Node Version:  v18.17.0
[debug] [2023-10-15T11:30:22.803Z] Time:          Sun Oct 15 2023 16:30:22 GMT+0500 (Pakistan Standard Time)
[debug] [2023-10-15T11:30:22.803Z] ----------------------------------------------------------------------
[debug] 
[debug] [2023-10-15T11:30:22.925Z] > command requires scopes: ["email","openid","https://www.googleapis.com/auth/cloudplatformprojects.readonly","https://www.googleapis.com/auth/firebase","https://www.googleapis.com/auth/cloud-platform"]
[debug] [2023-10-15T11:30:22.926Z] > authorizing via signed-in user (k201688@nu.edu.pk)
[debug] [2023-10-15T11:30:23.187Z] java version "21" 2023-09-19 LTS

[debug] [2023-10-15T11:30:23.188Z] Java(TM) SE Runtime Environment (build 21+35-LTS-2513)
Java HotSpot(TM) 64-Bit Server VM (build 21+35-LTS-2513, mixed mode, sharing)

[debug] [2023-10-15T11:30:23.208Z] Parsed Java major version: 21
[info] i  emulators: Starting emulators: auth, functions, database {"metadata":{"emulator":{"name":"hub"},"message":"Starting emulators: auth, functions, database"}}
[debug] [2023-10-15T11:30:23.218Z] [logging] Logging Emulator only supports listening on one address (127.0.0.1). Not listening on ::1
[debug] [2023-10-15T11:30:23.218Z] [auth] Authentication Emulator only supports listening on one address (127.0.0.1). Not listening on ::1
[debug] [2023-10-15T11:30:23.218Z] [database] Database Emulator only supports listening on one address (127.0.0.1). Not listening on ::1
[debug] [2023-10-15T11:30:23.218Z] assigned listening specs for emulators {"user":{"hub":[{"address":"127.0.0.1","family":"IPv4","port":4400},{"address":"::1","family":"IPv6","port":4400}],"ui":[{"address":"127.0.0.1","family":"IPv4","port":4000},{"address":"::1","family":"IPv6","port":4000}],"logging":[{"address":"127.0.0.1","family":"IPv4","port":4500}],"auth":[{"address":"127.0.0.1","family":"IPv4","port":9099}],"database":[{"address":"127.0.0.1","family":"IPv4","port":9000}]},"metadata":{"message":"assigned listening specs for emulators"}}
[debug] [2023-10-15T11:30:23.229Z] [hub] writing locator at C:\Users\Admin\AppData\Local\Temp\hub-danai-for-children.json
[debug] [2023-10-15T11:30:23.237Z] [functions] Functions Emulator only supports listening on one address (127.0.0.1). Not listening on ::1
[debug] [2023-10-15T11:30:23.237Z] [eventarc] Eventarc Emulator only supports listening on one address (127.0.0.1). Not listening on ::1
[debug] [2023-10-15T11:30:23.237Z] late-assigned ports for functions and eventarc emulators {"user":{"hub":[{"address":"127.0.0.1","family":"IPv4","port":4400},{"address":"::1","family":"IPv6","port":4400}],"ui":[{"address":"127.0.0.1","family":"IPv4","port":4000},{"address":"::1","family":"IPv6","port":4000}],"logging":[{"address":"127.0.0.1","family":"IPv4","port":4500}],"auth":[{"address":"127.0.0.1","family":"IPv4","port":9099}],"database":[{"address":"127.0.0.1","family":"IPv4","port":9000}],"functions":[{"address":"127.0.0.1","family":"IPv4","port":5001}],"eventarc":[{"address":"127.0.0.1","family":"IPv4","port":9299}]},"metadata":{"message":"late-assigned ports for functions and eventarc emulators"}}
[warn] !  functions: The following emulators are not running, calls to these services from the Functions emulator will affect production: firestore, hosting, pubsub, storage {"metadata":{"emulator":{"name":"functions"},"message":"The following emulators are not running, calls to these services from the Functions emulator will affect production: \u001b[1mfirestore, hosting, pubsub, storage\u001b[22m"}}
[debug] [2023-10-15T11:30:23.240Z] defaultcredentials: writing to file C:\Users\Admin\AppData\Roaming\firebase\k201688_nu_edu.pk_application_default_credentials.json
[debug] [2023-10-15T11:30:23.242Z] Setting GAC to C:\Users\Admin\AppData\Roaming\firebase\k201688_nu_edu.pk_application_default_credentials.json {"metadata":{"emulator":{"name":"functions"},"message":"Setting GAC to C:\\Users\\Admin\\AppData\\Roaming\\firebase\\k201688_nu_edu.pk_application_default_credentials.json"}}
[debug] [2023-10-15T11:30:23.243Z] > refreshing access token with scopes: []
[debug] [2023-10-15T11:30:23.244Z] >>> [apiv2][query] POST https://www.googleapis.com/oauth2/v3/token [none]
[debug] [2023-10-15T11:30:23.245Z] >>> [apiv2][body] POST https://www.googleapis.com/oauth2/v3/token [omitted]
[debug] [2023-10-15T11:30:23.680Z] <<< [apiv2][status] POST https://www.googleapis.com/oauth2/v3/token 200
[debug] [2023-10-15T11:30:23.680Z] <<< [apiv2][body] POST https://www.googleapis.com/oauth2/v3/token [omitted]
[debug] [2023-10-15T11:30:23.703Z] >>> [apiv2][query] GET https://firebase.googleapis.com/v1beta1/projects/danai-for-children/adminSdkConfig [none]
[debug] [2023-10-15T11:30:24.355Z] <<< [apiv2][status] GET https://firebase.googleapis.com/v1beta1/projects/danai-for-children/adminSdkConfig 200
[debug] [2023-10-15T11:30:24.355Z] <<< [apiv2][body] GET https://firebase.googleapis.com/v1beta1/projects/danai-for-children/adminSdkConfig {"projectId":"danai-for-children","databaseURL":"https://danai-for-children-default-rtdb.asia-southeast1.firebasedatabase.app","storageBucket":"danai-for-children.appspot.com"}
[debug] [2023-10-15T11:30:24.383Z] >>> [apiv2][query] GET https://firebase.googleapis.com/v1beta1/projects/danai-for-children [none]
[debug] [2023-10-15T11:30:24.922Z] <<< [apiv2][status] GET https://firebase.googleapis.com/v1beta1/projects/danai-for-children 200
[debug] [2023-10-15T11:30:24.923Z] <<< [apiv2][body] GET https://firebase.googleapis.com/v1beta1/projects/danai-for-children {"projectId":"danai-for-children","projectNumber":"1067459607832","displayName":"DANAI","name":"projects/danai-for-children","resources":{"hostingSite":"danai-for-children","realtimeDatabaseInstance":"danai-for-children-default-rtdb"},"state":"ACTIVE","etag":"1_59a39d76-395c-43ef-b4f4-20e2f69f98c2"}
[debug] [2023-10-15T11:30:24.924Z] database rules config:  [{"instance":"danai-for-children-default-rtdb","rules":"C:\\Users\\Admin\\Desktop\\FYP\\Danai Development 1\\Danai_0\\database.rules.json"}]
[debug] [2023-10-15T11:30:24.939Z] Ignoring unsupported arg: projectId {"metadata":{"emulator":{"name":"database"},"message":"Ignoring unsupported arg: projectId"}}
[debug] [2023-10-15T11:30:24.939Z] Ignoring unsupported arg: auto_download {"metadata":{"emulator":{"name":"database"},"message":"Ignoring unsupported arg: auto_download"}}
[debug] [2023-10-15T11:30:24.939Z] Ignoring unsupported arg: rules {"metadata":{"emulator":{"name":"database"},"message":"Ignoring unsupported arg: rules"}}
[debug] [2023-10-15T11:30:24.939Z] Starting Database Emulator with command {"binary":"java","args":["-Duser.language=en","-jar","C:\\Users\\Admin\\.cache\\firebase\\emulators\\firebase-database-emulator-v4.11.2.jar","--host","127.0.0.1","--port",9000,"--single_project_mode","Warning","--functions_emulator_host","127.0.0.1","--functions_emulator_port",5001],"optionalArgs":["port","host","functions_emulator_port","functions_emulator_host","single_project_mode"],"joinArgs":false} {"metadata":{"emulator":{"name":"database"},"message":"Starting Database Emulator with command {\"binary\":\"java\",\"args\":[\"-Duser.language=en\",\"-jar\",\"C:\\\\Users\\\\Admin\\\\.cache\\\\firebase\\\\emulators\\\\firebase-database-emulator-v4.11.2.jar\",\"--host\",\"127.0.0.1\",\"--port\",9000,\"--single_project_mode\",\"Warning\",\"--functions_emulator_host\",\"127.0.0.1\",\"--functions_emulator_port\",5001],\"optionalArgs\":[\"port\",\"host\",\"functions_emulator_port\",\"functions_emulator_host\",\"single_project_mode\"],\"joinArgs\":false}"}}
[info] i  database: Database Emulator logging to database-debug.log {"metadata":{"emulator":{"name":"database"},"message":"Database Emulator logging to \u001b[1mdatabase-debug.log\u001b[22m"}}
[info] i  ui: downloading ui-v1.11.7.zip... {"metadata":{"emulator":{"name":"ui"},"message":"downloading ui-v1.11.7.zip..."}}
[debug] [2023-10-15T11:30:33.049Z] >>> [apiv2][query] GET https://storage.googleapis.com/firebase-preview-drop/emulator/ui-v1.11.7.zip 
[debug] [2023-10-15T11:30:33.315Z] <<< [apiv2][status] GET https://storage.googleapis.com/firebase-preview-drop/emulator/ui-v1.11.7.zip 200
[debug] [2023-10-15T11:30:33.315Z] <<< [apiv2][body] GET https://storage.googleapis.com/firebase-preview-drop/emulator/ui-v1.11.7.zip [stream]
[debug] [2023-10-15T11:30:41.495Z] Data is 3064105
[debug] [2023-10-15T11:30:41.496Z] [unzip] Entry: client/ (compressed_size=0 bytes, uncompressed_size=0 bytes)
[debug] [2023-10-15T11:30:41.496Z] [unzip] Processing entry: client\
[debug] [2023-10-15T11:30:41.496Z] [unzip] mkdir: C:\Users\Admin\.cache\firebase\emulators\ui-v1.11.7\client\
[debug] [2023-10-15T11:30:41.497Z] [unzip] Entry: client/favicon.ico (compressed_size=2497 bytes, uncompressed_size=7406 bytes)
[debug] [2023-10-15T11:30:41.497Z] [unzip] Processing entry: client\favicon.ico
[debug] [2023-10-15T11:30:41.497Z] [unzip] else mkdir: C:\Users\Admin\.cache\firebase\emulators\ui-v1.11.7\client
[debug] [2023-10-15T11:30:41.497Z] [unzip] deflating: C:\Users\Admin\.cache\firebase\emulators\ui-v1.11.7\client\favicon.ico
[debug] [2023-10-15T11:30:41.501Z] [unzip] Entry: client/apple-touch-icon.png (compressed_size=7231 bytes, uncompressed_size=7367 bytes)
[debug] [2023-10-15T11:30:41.501Z] [unzip] Processing entry: client\apple-touch-icon.png
[debug] [2023-10-15T11:30:41.501Z] [unzip] else mkdir: C:\Users\Admin\.cache\firebase\emulators\ui-v1.11.7\client
[debug] [2023-10-15T11:30:41.501Z] [unzip] deflating: C:\Users\Admin\.cache\firebase\emulators\ui-v1.11.7\client\apple-touch-icon.png
[debug] [2023-10-15T11:30:41.502Z] [unzip] Entry: client/android-chrome-512x512.png (compressed_size=16987 bytes, uncompressed_size=18186 bytes)
[debug] [2023-10-15T11:30:41.502Z] [unzip] Processing entry: client\android-chrome-512x512.png
[debug] [2023-10-15T11:30:41.502Z] [unzip] else mkdir: C:\Users\Admin\.cache\firebase\emulators\ui-v1.11.7\client
[debug] [2023-10-15T11:30:41.502Z] [unzip] deflating: C:\Users\Admin\.cache\firebase\emulators\ui-v1.11.7\client\android-chrome-512x512.png
[debug] [2023-10-15T11:30:41.503Z] [unzip] Entry: client/assets/ (compressed_size=0 bytes, uncompressed_size=0 bytes)
[debug] [2023-10-15T11:30:41.503Z] [unzip] Processing entry: client\assets\
[debug] [2023-10-15T11:30:41.503Z] [unzip] mkdir: C:\Users\Admin\.cache\firebase\emulators\ui-v1.11.7\client\assets\
[debug] [2023-10-15T11:30:41.504Z] [unzip] Entry: client/assets/extensions/ (compressed_size=0 bytes, uncompressed_size=0 bytes)
[debug] [2023-10-15T11:30:41.504Z] [unzip] Processing entry: client\assets\extensions\
[debug] [2023-10-15T11:30:41.504Z] [unzip] mkdir: C:\Users\Admin\.cache\firebase\emulators\ui-v1.11.7\client\assets\extensions\
[debug] [2023-10-15T11:30:41.504Z] [unzip] Entry: client/assets/extensions/default-extension.png (compressed_size=1646 bytes, uncompressed_size=1657 bytes)
[debug] [2023-10-15T11:30:41.504Z] [unzip] Processing entry: client\assets\extensions\default-extension.png
[debug] [2023-10-15T11:30:41.504Z] [unzip] else mkdir: C:\Users\Admin\.cache\firebase\emulators\ui-v1.11.7\client\assets\extensions
[debug] [2023-10-15T11:30:41.505Z] [unzip] deflating: C:\Users\Admin\.cache\firebase\emulators\ui-v1.11.7\client\assets\extensions\default-extension.png
[debug] [2023-10-15T11:30:41.505Z] [unzip] Entry: client/assets/index.58ca09f7.css (compressed_size=37601 bytes, uncompressed_size=321252 bytes)
[debug] [2023-10-15T11:30:41.505Z] [unzip] Processing entry: client\assets\index.58ca09f7.css
[debug] [2023-10-15T11:30:41.505Z] [unzip] else mkdir: C:\Users\Admin\.cache\firebase\emulators\ui-v1.11.7\client\assets
[debug] [2023-10-15T11:30:41.506Z] [unzip] deflating: C:\Users\Admin\.cache\firebase\emulators\ui-v1.11.7\client\assets\index.58ca09f7.css
[debug] [2023-10-15T11:30:41.507Z] [unzip] Entry: client/assets/index.c2583d42.js (compressed_size=526232 bytes, uncompressed_size=1860152 bytes)
[debug] [2023-10-15T11:30:41.507Z] [unzip] Processing entry: client\assets\index.c2583d42.js
[debug] [2023-10-15T11:30:41.507Z] [unzip] else mkdir: C:\Users\Admin\.cache\firebase\emulators\ui-v1.11.7\client\assets
[debug] [2023-10-15T11:30:41.507Z] [unzip] deflating: C:\Users\Admin\.cache\firebase\emulators\ui-v1.11.7\client\assets\index.c2583d42.js
[debug] [2023-10-15T11:30:41.516Z] [unzip] Entry: client/assets/provider-icons/ (compressed_size=0 bytes, uncompressed_size=0 bytes)
[debug] [2023-10-15T11:30:41.516Z] [unzip] Processing entry: client\assets\provider-icons\
[debug] [2023-10-15T11:30:41.516Z] [unzip] mkdir: C:\Users\Admin\.cache\firebase\emulators\ui-v1.11.7\client\assets\provider-icons\
[debug] [2023-10-15T11:30:41.516Z] [unzip] Entry: client/assets/provider-icons/auth_service_oidc.svg (compressed_size=414 bytes, uncompressed_size=858 bytes)
[debug] [2023-10-15T11:30:41.516Z] [unzip] Processing entry: client\assets\provider-icons\auth_service_oidc.svg
[debug] [2023-10-15T11:30:41.517Z] [unzip] else mkdir: C:\Users\Admin\.cache\firebase\emulators\ui-v1.11.7\client\assets\provider-icons
[debug] [2023-10-15T11:30:41.517Z] [unzip] deflating: C:\Users\Admin\.cache\firebase\emulators\ui-v1.11.7\client\assets\provider-icons\auth_service_oidc.svg
[debug] [2023-10-15T11:30:41.517Z] [unzip] Entry: client/assets/provider-icons/auth_service_yahoo.svg (compressed_size=577 bytes, uncompressed_size=1182 bytes)
[debug] [2023-10-15T11:30:41.518Z] [unzip] Processing entry: client\assets\provider-icons\auth_service_yahoo.svg
[debug] [2023-10-15T11:30:41.518Z] [unzip] else mkdir: C:\Users\Admin\.cache\firebase\emulators\ui-v1.11.7\client\assets\provider-icons
[debug] [2023-10-15T11:30:41.518Z] [unzip] deflating: C:\Users\Admin\.cache\firebase\emulators\ui-v1.11.7\client\assets\provider-icons\auth_service_yahoo.svg
[debug] [2023-10-15T11:30:41.518Z] [unzip] Entry: client/assets/provider-icons/auth_service_phone.svg (compressed_size=261 bytes, uncompressed_size=414 bytes)
[debug] [2023-10-15T11:30:41.518Z] [unzip] Processing entry: client\assets\provider-icons\auth_service_phone.svg
[debug] [2023-10-15T11:30:41.519Z] [unzip] else mkdir: C:\Users\Admin\.cache\firebase\emulators\ui-v1.11.7\client\assets\provider-icons
[debug] [2023-10-15T11:30:41.519Z] [unzip] deflating: C:\Users\Admin\.cache\firebase\emulators\ui-v1.11.7\client\assets\provider-icons\auth_service_phone.svg
[debug] [2023-10-15T11:30:41.519Z] [unzip] Entry: client/assets/provider-icons/auth_service_saml.svg (compressed_size=575 bytes, uncompressed_size=1226 bytes)
[debug] [2023-10-15T11:30:41.520Z] [unzip] Processing entry: client\assets\provider-icons\auth_service_saml.svg
[debug] [2023-10-15T11:30:41.520Z] [unzip] else mkdir: C:\Users\Admin\.cache\firebase\emulators\ui-v1.11.7\client\assets\provider-icons
[debug] [2023-10-15T11:30:41.520Z] [unzip] deflating: C:\Users\Admin\.cache\firebase\emulators\ui-v1.11.7\client\assets\provider-icons\auth_service_saml.svg
[debug] [2023-10-15T11:30:41.520Z] [unzip] Entry: client/assets/provider-icons/auth_service_mslive.svg (compressed_size=203 bytes, uncompressed_size=378 bytes)
[debug] [2023-10-15T11:30:41.520Z] [unzip] Processing entry: client\assets\provider-icons\auth_service_mslive.svg
[debug] [2023-10-15T11:30:41.521Z] [unzip] else mkdir: C:\Users\Admin\.cache\firebase\emulators\ui-v1.11.7\client\assets\provider-icons
[debug] [2023-10-15T11:30:41.521Z] [unzip] deflating: C:\Users\Admin\.cache\firebase\emulators\ui-v1.11.7\client\assets\provider-icons\auth_service_mslive.svg
[debug] [2023-10-15T11:30:41.521Z] [unzip] Entry: client/assets/provider-icons/auth_service_facebook.svg (compressed_size=289 bytes, uncompressed_size=457 bytes)
[debug] [2023-10-15T11:30:41.522Z] [unzip] Processing entry: client\assets\provider-icons\auth_service_facebook.svg
[debug] [2023-10-15T11:30:41.522Z] [unzip] else mkdir: C:\Users\Admin\.cache\firebase\emulators\ui-v1.11.7\client\assets\provider-icons
[debug] [2023-10-15T11:30:41.522Z] [unzip] deflating: C:\Users\Admin\.cache\firebase\emulators\ui-v1.11.7\client\assets\provider-icons\auth_service_facebook.svg
[debug] [2023-10-15T11:30:41.522Z] [unzip] Entry: client/assets/provider-icons/auth_service_play_games.svg (compressed_size=565 bytes, uncompressed_size=1173 bytes)
[debug] [2023-10-15T11:30:41.523Z] [unzip] Processing entry: client\assets\provider-icons\auth_service_play_games.svg
[debug] [2023-10-15T11:30:41.523Z] [unzip] else mkdir: C:\Users\Admin\.cache\firebase\emulators\ui-v1.11.7\client\assets\provider-icons
[debug] [2023-10-15T11:30:41.523Z] [unzip] deflating: C:\Users\Admin\.cache\firebase\emulators\ui-v1.11.7\client\assets\provider-icons\auth_service_play_games.svg
[debug] [2023-10-15T11:30:41.523Z] [unzip] Entry: client/assets/provider-icons/auth_service_github.svg (compressed_size=466 bytes, uncompressed_size=838 bytes)
[debug] [2023-10-15T11:30:41.523Z] [unzip] Processing entry: client\assets\provider-icons\auth_service_github.svg
[debug] [2023-10-15T11:30:41.523Z] [unzip] else mkdir: C:\Users\Admin\.cache\firebase\emulators\ui-v1.11.7\client\assets\provider-icons
[debug] [2023-10-15T11:30:41.523Z] [unzip] deflating: C:\Users\Admin\.cache\firebase\emulators\ui-v1.11.7\client\assets\provider-icons\auth_service_github.svg
[debug] [2023-10-15T11:30:41.524Z] [unzip] Entry: client/assets/provider-icons/auth_service_apple.svg (compressed_size=230 bytes, uncompressed_size=334 bytes)
[debug] [2023-10-15T11:30:41.524Z] [unzip] Processing entry: client\assets\provider-icons\auth_service_apple.svg
[debug] [2023-10-15T11:30:41.524Z] [unzip] else mkdir: C:\Users\Admin\.cache\firebase\emulators\ui-v1.11.7\client\assets\provider-icons
[debug] [2023-10-15T11:30:41.524Z] [unzip] deflating: C:\Users\Admin\.cache\firebase\emulators\ui-v1.11.7\client\assets\provider-icons\auth_service_apple.svg
[debug] [2023-10-15T11:30:41.525Z] [unzip] Entry: client/assets/provider-icons/auth_service_google.svg (compressed_size=409 bytes, uncompressed_size=720 bytes)
[debug] [2023-10-15T11:30:41.525Z] [unzip] Processing entry: client\assets\provider-icons\auth_service_google.svg
[debug] [2023-10-15T11:30:41.525Z] [unzip] else mkdir: C:\Users\Admin\.cache\firebase\emulators\ui-v1.11.7\client\assets\provider-icons
[debug] [2023-10-15T11:30:41.525Z] [unzip] deflating: C:\Users\Admin\.cache\firebase\emulators\ui-v1.11.7\client\assets\provider-icons\auth_service_google.svg
[debug] [2023-10-15T11:30:41.526Z] [unzip] Entry: client/assets/provider-icons/auth_service_email.svg (compressed_size=228 bytes, uncompressed_size=326 bytes)
[debug] [2023-10-15T11:30:41.526Z] [unzip] Processing entry: client\assets\provider-icons\auth_service_email.svg
[debug] [2023-10-15T11:30:41.526Z] [unzip] else mkdir: C:\Users\Admin\.cache\firebase\emulators\ui-v1.11.7\client\assets\provider-icons
[debug] [2023-10-15T11:30:41.526Z] [unzip] deflating: C:\Users\Admin\.cache\firebase\emulators\ui-v1.11.7\client\assets\provider-icons\auth_service_email.svg
[debug] [2023-10-15T11:30:41.527Z] [unzip] Entry: client/assets/provider-icons/auth_service_twitter.svg (compressed_size=444 bytes, uncompressed_size=751 bytes)
[debug] [2023-10-15T11:30:41.527Z] [unzip] Processing entry: client\assets\provider-icons\auth_service_twitter.svg
[debug] [2023-10-15T11:30:41.527Z] [unzip] else mkdir: C:\Users\Admin\.cache\firebase\emulators\ui-v1.11.7\client\assets\provider-icons
[debug] [2023-10-15T11:30:41.527Z] [unzip] deflating: C:\Users\Admin\.cache\firebase\emulators\ui-v1.11.7\client\assets\provider-icons\auth_service_twitter.svg
[debug] [2023-10-15T11:30:41.528Z] [unzip] Entry: client/assets/provider-icons/auth_service_game_center.svg (compressed_size=991 bytes, uncompressed_size=3921 bytes)
[debug] [2023-10-15T11:30:41.528Z] [unzip] Processing entry: client\assets\provider-icons\auth_service_game_center.svg
[debug] [2023-10-15T11:30:41.528Z] [unzip] else mkdir: C:\Users\Admin\.cache\firebase\emulators\ui-v1.11.7\client\assets\provider-icons
[debug] [2023-10-15T11:30:41.528Z] [unzip] deflating: C:\Users\Admin\.cache\firebase\emulators\ui-v1.11.7\client\assets\provider-icons\auth_service_game_center.svg
[debug] [2023-10-15T11:30:41.528Z] [unzip] Entry: client/assets/index.c2583d42.js.map (compressed_size=1778557 bytes, uncompressed_size=7961927 bytes)
[debug] [2023-10-15T11:30:41.529Z] [unzip] Processing entry: client\assets\index.c2583d42.js.map
[debug] [2023-10-15T11:30:41.529Z] [unzip] else mkdir: C:\Users\Admin\.cache\firebase\emulators\ui-v1.11.7\client\assets
[debug] [2023-10-15T11:30:41.529Z] [unzip] deflating: C:\Users\Admin\.cache\firebase\emulators\ui-v1.11.7\client\assets\index.c2583d42.js.map
[debug] [2023-10-15T11:30:41.556Z] [unzip] Entry: client/assets/img/ (compressed_size=0 bytes, uncompressed_size=0 bytes)
[debug] [2023-10-15T11:30:41.556Z] [unzip] Processing entry: client\assets\img\
[debug] [2023-10-15T11:30:41.556Z] [unzip] mkdir: C:\Users\Admin\.cache\firebase\emulators\ui-v1.11.7\client\assets\img\
[debug] [2023-10-15T11:30:41.556Z] [unzip] Entry: client/assets/img/database.png (compressed_size=29449 bytes, uncompressed_size=29988 bytes)
[debug] [2023-10-15T11:30:41.556Z] [unzip] Processing entry: client\assets\img\database.png
[debug] [2023-10-15T11:30:41.556Z] [unzip] else mkdir: C:\Users\Admin\.cache\firebase\emulators\ui-v1.11.7\client\assets\img
[debug] [2023-10-15T11:30:41.556Z] [unzip] deflating: C:\Users\Admin\.cache\firebase\emulators\ui-v1.11.7\client\assets\img\database.png
[debug] [2023-10-15T11:30:41.557Z] [unzip] Entry: client/safari-pinned-tab.svg (compressed_size=838 bytes, uncompressed_size=1504 bytes)
[debug] [2023-10-15T11:30:41.557Z] [unzip] Processing entry: client\safari-pinned-tab.svg
[debug] [2023-10-15T11:30:41.558Z] [unzip] else mkdir: C:\Users\Admin\.cache\firebase\emulators\ui-v1.11.7\client
[debug] [2023-10-15T11:30:41.558Z] [unzip] deflating: C:\Users\Admin\.cache\firebase\emulators\ui-v1.11.7\client\safari-pinned-tab.svg
[debug] [2023-10-15T11:30:41.558Z] [unzip] Entry: client/mstile-150x150.png (compressed_size=5406 bytes, uncompressed_size=5723 bytes)
[debug] [2023-10-15T11:30:41.558Z] [unzip] Processing entry: client\mstile-150x150.png
[debug] [2023-10-15T11:30:41.559Z] [unzip] else mkdir: C:\Users\Admin\.cache\firebase\emulators\ui-v1.11.7\client
[debug] [2023-10-15T11:30:41.559Z] [unzip] deflating: C:\Users\Admin\.cache\firebase\emulators\ui-v1.11.7\client\mstile-150x150.png
[debug] [2023-10-15T11:30:41.559Z] [unzip] Entry: client/browserconfig.xml (compressed_size=491 bytes, uncompressed_size=822 bytes)
[debug] [2023-10-15T11:30:41.559Z] [unzip] Processing entry: client\browserconfig.xml
[debug] [2023-10-15T11:30:41.559Z] [unzip] else mkdir: C:\Users\Admin\.cache\firebase\emulators\ui-v1.11.7\client
[debug] [2023-10-15T11:30:41.559Z] [unzip] deflating: C:\Users\Admin\.cache\firebase\emulators\ui-v1.11.7\client\browserconfig.xml
[debug] [2023-10-15T11:30:41.560Z] [unzip] Entry: client/robots.txt (compressed_size=26 bytes, uncompressed_size=26 bytes)
[debug] [2023-10-15T11:30:41.560Z] [unzip] Processing entry: client\robots.txt
[debug] [2023-10-15T11:30:41.560Z] [unzip] else mkdir: C:\Users\Admin\.cache\firebase\emulators\ui-v1.11.7\client
[debug] [2023-10-15T11:30:41.560Z] [unzip] Writing file: C:\Users\Admin\.cache\firebase\emulators\ui-v1.11.7\client\robots.txt
[debug] [2023-10-15T11:30:41.561Z] [unzip] Entry: client/index.html (compressed_size=1363 bytes, uncompressed_size=3064 bytes)
[debug] [2023-10-15T11:30:41.561Z] [unzip] Processing entry: client\index.html
[debug] [2023-10-15T11:30:41.561Z] [unzip] else mkdir: C:\Users\Admin\.cache\firebase\emulators\ui-v1.11.7\client
[debug] [2023-10-15T11:30:41.561Z] [unzip] deflating: C:\Users\Admin\.cache\firebase\emulators\ui-v1.11.7\client\index.html
[debug] [2023-10-15T11:30:41.562Z] [unzip] Entry: client/favicon-16x16.png (compressed_size=757 bytes, uncompressed_size=777 bytes)
[debug] [2023-10-15T11:30:41.562Z] [unzip] Processing entry: client\favicon-16x16.png
[debug] [2023-10-15T11:30:41.562Z] [unzip] else mkdir: C:\Users\Admin\.cache\firebase\emulators\ui-v1.11.7\client
[debug] [2023-10-15T11:30:41.562Z] [unzip] deflating: C:\Users\Admin\.cache\firebase\emulators\ui-v1.11.7\client\favicon-16x16.png
[debug] [2023-10-15T11:30:41.563Z] [unzip] Entry: client/manifest.json (compressed_size=246 bytes, uncompressed_size=551 bytes)
[debug] [2023-10-15T11:30:41.563Z] [unzip] Processing entry: client\manifest.json
[debug] [2023-10-15T11:30:41.563Z] [unzip] else mkdir: C:\Users\Admin\.cache\firebase\emulators\ui-v1.11.7\client
[debug] [2023-10-15T11:30:41.563Z] [unzip] deflating: C:\Users\Admin\.cache\firebase\emulators\ui-v1.11.7\client\manifest.json
[debug] [2023-10-15T11:30:41.564Z] [unzip] Entry: client/favicon-32x32.png (compressed_size=1175 bytes, uncompressed_size=1175 bytes)
[debug] [2023-10-15T11:30:41.564Z] [unzip] Processing entry: client\favicon-32x32.png
[debug] [2023-10-15T11:30:41.564Z] [unzip] else mkdir: C:\Users\Admin\.cache\firebase\emulators\ui-v1.11.7\client
[debug] [2023-10-15T11:30:41.564Z] [unzip] Writing file: C:\Users\Admin\.cache\firebase\emulators\ui-v1.11.7\client\favicon-32x32.png
[debug] [2023-10-15T11:30:41.564Z] [unzip] Entry: client/android-chrome-192x192.png (compressed_size=7602 bytes, uncompressed_size=7834 bytes)
[debug] [2023-10-15T11:30:41.564Z] [unzip] Processing entry: client\android-chrome-192x192.png
[debug] [2023-10-15T11:30:41.565Z] [unzip] else mkdir: C:\Users\Admin\.cache\firebase\emulators\ui-v1.11.7\client
[debug] [2023-10-15T11:30:41.565Z] [unzip] deflating: C:\Users\Admin\.cache\firebase\emulators\ui-v1.11.7\client\android-chrome-192x192.png
[debug] [2023-10-15T11:30:41.565Z] [unzip] Entry: server/ (compressed_size=0 bytes, uncompressed_size=0 bytes)
[debug] [2023-10-15T11:30:41.565Z] [unzip] Processing entry: server\
[debug] [2023-10-15T11:30:41.565Z] [unzip] mkdir: C:\Users\Admin\.cache\firebase\emulators\ui-v1.11.7\server\
[debug] [2023-10-15T11:30:41.565Z] [unzip] Entry: server/server.js (compressed_size=343746 bytes, uncompressed_size=1346374 bytes)
[debug] [2023-10-15T11:30:41.566Z] [unzip] Processing entry: server\server.js
[debug] [2023-10-15T11:30:41.566Z] [unzip] else mkdir: C:\Users\Admin\.cache\firebase\emulators\ui-v1.11.7\server
[debug] [2023-10-15T11:30:41.566Z] [unzip] deflating: C:\Users\Admin\.cache\firebase\emulators\ui-v1.11.7\server\server.js
[debug] [2023-10-15T11:30:41.571Z] [unzip] Entry: server/server.js.map (compressed_size=289157 bytes, uncompressed_size=1325651 bytes)
[debug] [2023-10-15T11:30:41.571Z] [unzip] Processing entry: server\server.js.map
[debug] [2023-10-15T11:30:41.571Z] [unzip] else mkdir: C:\Users\Admin\.cache\firebase\emulators\ui-v1.11.7\server
[debug] [2023-10-15T11:30:41.571Z] [unzip] deflating: C:\Users\Admin\.cache\firebase\emulators\ui-v1.11.7\server\server.js.map
[debug] [2023-10-15T11:30:41.577Z] Ignoring unsupported arg: auto_download {"metadata":{"emulator":{"name":"ui"},"message":"Ignoring unsupported arg: auto_download"}}
[debug] [2023-10-15T11:30:41.577Z] Ignoring unsupported arg: port {"metadata":{"emulator":{"name":"ui"},"message":"Ignoring unsupported arg: port"}}
[debug] [2023-10-15T11:30:41.577Z] Starting Emulator UI with command {"binary":"node","args":["C:\\Users\\Admin\\.cache\\firebase\\emulators\\ui-v1.11.7\\server\\server.js"],"optionalArgs":[],"joinArgs":false} {"metadata":{"emulator":{"name":"ui"},"message":"Starting Emulator UI with command {\"binary\":\"node\",\"args\":[\"C:\\\\Users\\\\Admin\\\\.cache\\\\firebase\\\\emulators\\\\ui-v1.11.7\\\\server\\\\server.js\"],\"optionalArgs\":[],\"joinArgs\":false}"}}
[info] i  ui: Emulator UI logging to ui-debug.log {"metadata":{"emulator":{"name":"ui"},"message":"Emulator UI logging to \u001b[1mui-debug.log\u001b[22m"}}
[debug] [2023-10-15T11:30:41.690Z] Web / API server started at 127.0.0.1:4000
 {"metadata":{"emulator":{"name":"ui"},"message":"Web / API server started at 127.0.0.1:4000\n"}}
[debug] [2023-10-15T11:30:41.690Z] Web / API server started at ::1:4000
 {"metadata":{"emulator":{"name":"ui"},"message":"Web / API server started at ::1:4000\n"}}
[info] i  functions: Watching "C:\Users\Admin\Desktop\FYP\Danai Development 1\Danai_0\functions" for Cloud Functions... {"metadata":{"emulator":{"name":"functions"},"message":"Watching \"C:\\Users\\Admin\\Desktop\\FYP\\Danai Development 1\\Danai_0\\functions\" for Cloud Functions..."}}
[debug] [2023-10-15T11:30:41.862Z] Validating nodejs source
[debug] [2023-10-15T11:30:44.700Z] > [functions] package.json contents: {
  "name": "functions",
  "description": "Cloud Functions for Firebase",
  "scripts": {
    "lint": "eslint .",
    "serve": "firebase emulators:start --only functions",
    "shell": "firebase functions:shell",
    "start": "npm run shell",
    "deploy": "firebase deploy --only functions",
    "logs": "firebase functions:log"
  },
  "engines": {
    "node": "18"
  },
  "main": "index.js",
  "dependencies": {
    "firebase-admin": "^11.8.0",
    "firebase-functions": "^4.3.1"
  },
  "devDependencies": {
    "eslint": "^8.15.0",
    "eslint-config-google": "^0.14.0",
    "firebase-functions-test": "^3.1.0"
  },
  "private": true
}
[debug] [2023-10-15T11:30:44.700Z] Building nodejs source
[debug] [2023-10-15T11:30:44.701Z] Failed to find version of module node: reached end of search path C:\Users\Admin\Desktop\FYP\Danai Development 1\Danai_0\functions\node_modules
[info] +  functions: Using node@18 from host. 
[debug] [2023-10-15T11:30:44.703Z] Could not find functions.yaml. Must use http discovery
[debug] [2023-10-15T11:30:44.712Z] Found firebase-functions binary at 'C:\Users\Admin\Desktop\FYP\Danai Development 1\Danai_0\functions\node_modules\.bin\firebase-functions'
[info] Serving at port 8546

[debug] [2023-10-15T11:30:45.190Z] Got response from /__/functions.yaml {"endpoints":{},"specVersion":"v1alpha1","requiredAPIs":[]}
[info] shutdown requested via /__/quitquitquit

[info] +  functions: Loaded functions definitions from source: . {"metadata":{"emulator":{"name":"functions"},"message":"Loaded functions definitions from source: ."}}
[debug] [2023-10-15T11:30:45.212Z] >>> [apiv2][query] PUT http://127.0.0.1:9000/.settings/rules.json ns=danai-for-children-default-rtdb
[debug] [2023-10-15T11:30:45.213Z] >>> [apiv2][body] PUT http://127.0.0.1:9000/.settings/rules.json "{\n  /* Visit https://firebase.google.com/docs/database/security to learn more about security rules. */\n  \"rules\": {\n    \".read\": false,\n    \".write\": false\n  }\n}"
[debug] [2023-10-15T11:30:45.631Z] <<< [apiv2][status] PUT http://127.0.0.1:9000/.settings/rules.json 200
[debug] [2023-10-15T11:30:45.631Z] <<< [apiv2][body] PUT http://127.0.0.1:9000/.settings/rules.json {"status":"ok"}
[info] 
┌─────────────────────────────────────────────────────────────┐
│ ✔  All emulators ready! It is now safe to connect your app. │
│ i  View Emulator UI at http://127.0.0.1:4000/               │
└─────────────────────────────────────────────────────────────┘

┌────────────────┬────────────────┬─────────────────────────────────┐
│ Emulator       │ Host:Port      │ View in Emulator UI             │
├────────────────┼────────────────┼─────────────────────────────────┤
│ Authentication │ 127.0.0.1:9099 │ http://127.0.0.1:4000/auth      │
├────────────────┼────────────────┼─────────────────────────────────┤
│ Functions      │ 127.0.0.1:5001 │ http://127.0.0.1:4000/functions │
├────────────────┼────────────────┼─────────────────────────────────┤
│ Database       │ 127.0.0.1:9000 │ http://127.0.0.1:4000/database  │
└────────────────┴────────────────┴─────────────────────────────────┘
  Emulator Hub running at 127.0.0.1:4400
  Other reserved ports: 4500

Issues? Report them at https://github.com/firebase/firebase-tools/issues and attach the *-debug.log files.
 
